mode: atomic
github.com/FalcoSuessgott/kubectl-vault-login/cmd/root.go:29.34,34.89 3 0
github.com/FalcoSuessgott/kubectl-vault-login/cmd/root.go:34.89,36.3 1 0
github.com/FalcoSuessgott/kubectl-vault-login/cmd/root.go:39.2,44.55 1 0
github.com/FalcoSuessgott/kubectl-vault-login/cmd/root.go:44.55,45.17 1 0
github.com/FalcoSuessgott/kubectl-vault-login/cmd/root.go:45.17,49.5 2 0
github.com/FalcoSuessgott/kubectl-vault-login/cmd/root.go:52.4,60.18 2 0
github.com/FalcoSuessgott/kubectl-vault-login/cmd/root.go:60.18,62.5 1 0
github.com/FalcoSuessgott/kubectl-vault-login/cmd/root.go:65.4,66.18 2 0
github.com/FalcoSuessgott/kubectl-vault-login/cmd/root.go:66.18,68.5 1 0
github.com/FalcoSuessgott/kubectl-vault-login/cmd/root.go:70.4,71.18 2 0
github.com/FalcoSuessgott/kubectl-vault-login/cmd/root.go:71.18,73.5 1 0
github.com/FalcoSuessgott/kubectl-vault-login/cmd/root.go:75.4,76.18 2 0
github.com/FalcoSuessgott/kubectl-vault-login/cmd/root.go:76.18,78.5 1 0
github.com/FalcoSuessgott/kubectl-vault-login/cmd/root.go:80.4,82.14 2 0
github.com/FalcoSuessgott/kubectl-vault-login/cmd/root.go:86.2,94.12 7 0
github.com/FalcoSuessgott/kubectl-vault-login/cmd/root.go:98.22,99.47 1 0
github.com/FalcoSuessgott/kubectl-vault-login/cmd/root.go:99.47,101.3 1 0
github.com/FalcoSuessgott/kubectl-vault-login/cmd/root.go:103.2,103.12 1 0
github.com/FalcoSuessgott/kubectl-vault-login/pkg/vault/kubernetes.go:21.85,26.33 3 0
github.com/FalcoSuessgott/kubectl-vault-login/pkg/vault/kubernetes.go:26.33,28.3 1 0
github.com/FalcoSuessgott/kubectl-vault-login/pkg/vault/kubernetes.go:30.2,30.26 1 0
github.com/FalcoSuessgott/kubectl-vault-login/pkg/vault/kubernetes.go:30.26,32.3 1 0
github.com/FalcoSuessgott/kubectl-vault-login/pkg/vault/kubernetes.go:34.2,34.17 1 0
github.com/FalcoSuessgott/kubectl-vault-login/pkg/vault/kubernetes.go:34.17,36.3 1 0
github.com/FalcoSuessgott/kubectl-vault-login/pkg/vault/kubernetes.go:38.2,38.23 1 0
github.com/FalcoSuessgott/kubectl-vault-login/pkg/vault/kubernetes.go:38.23,40.3 1 0
github.com/FalcoSuessgott/kubectl-vault-login/pkg/vault/kubernetes.go:42.2,43.16 2 0
github.com/FalcoSuessgott/kubectl-vault-login/pkg/vault/kubernetes.go:43.16,45.3 1 0
github.com/FalcoSuessgott/kubectl-vault-login/pkg/vault/kubernetes.go:47.2,47.22 1 0
github.com/FalcoSuessgott/kubectl-vault-login/pkg/vault/kubernetes.go:47.22,49.3 1 0
github.com/FalcoSuessgott/kubectl-vault-login/pkg/vault/kubernetes.go:51.2,52.9 2 0
github.com/FalcoSuessgott/kubectl-vault-login/pkg/vault/kubernetes.go:52.9,54.3 1 0
github.com/FalcoSuessgott/kubectl-vault-login/pkg/vault/kubernetes.go:56.2,57.9 2 0
github.com/FalcoSuessgott/kubectl-vault-login/pkg/vault/kubernetes.go:57.9,59.3 1 0
github.com/FalcoSuessgott/kubectl-vault-login/pkg/vault/kubernetes.go:61.2,62.9 2 0
github.com/FalcoSuessgott/kubectl-vault-login/pkg/vault/kubernetes.go:62.9,64.3 1 0
github.com/FalcoSuessgott/kubectl-vault-login/pkg/vault/kubernetes.go:66.2,71.8 1 0
github.com/FalcoSuessgott/kubectl-vault-login/pkg/vault/vault.go:25.55,27.16 2 0
github.com/FalcoSuessgott/kubectl-vault-login/pkg/vault/vault.go:27.16,29.3 1 0
github.com/FalcoSuessgott/kubectl-vault-login/pkg/vault/vault.go:31.2,32.16 2 0
github.com/FalcoSuessgott/kubectl-vault-login/pkg/vault/vault.go:32.16,34.3 1 0
github.com/FalcoSuessgott/kubectl-vault-login/pkg/vault/vault.go:36.2,36.19 1 0
github.com/FalcoSuessgott/kubectl-vault-login/pkg/vault/vault.go:36.19,38.3 1 0
github.com/FalcoSuessgott/kubectl-vault-login/pkg/vault/vault.go:40.2,42.27 2 0
github.com/FalcoSuessgott/kubectl-vault-login/pkg/vault/vault.go:42.27,44.3 1 0
github.com/FalcoSuessgott/kubectl-vault-login/pkg/vault/vault.go:46.2,46.15 1 0
github.com/FalcoSuessgott/kubectl-vault-login/pkg/vault/vault.go:49.36,51.16 2 0
github.com/FalcoSuessgott/kubectl-vault-login/pkg/vault/vault.go:51.16,53.3 1 0
github.com/FalcoSuessgott/kubectl-vault-login/pkg/vault/vault.go:55.2,56.16 2 0
github.com/FalcoSuessgott/kubectl-vault-login/pkg/vault/vault.go:56.16,58.3 1 0
github.com/FalcoSuessgott/kubectl-vault-login/pkg/vault/vault.go:60.2,60.19 1 0
github.com/FalcoSuessgott/kubectl-vault-login/pkg/vault/vault.go:60.19,62.3 1 0
github.com/FalcoSuessgott/kubectl-vault-login/pkg/vault/vault.go:64.2,64.16 1 0
github.com/FalcoSuessgott/kubectl-vault-login/pkg/vault/vault.go:68.52,74.16 3 0
github.com/FalcoSuessgott/kubectl-vault-login/pkg/vault/vault.go:74.16,76.3 1 0
github.com/FalcoSuessgott/kubectl-vault-login/pkg/vault/vault.go:78.2,80.31 2 0
github.com/FalcoSuessgott/kubectl-vault-login/pkg/vault/vault.go:83.33,84.24 1 0
github.com/FalcoSuessgott/kubectl-vault-login/pkg/vault/vault.go:84.24,86.3 1 0
github.com/FalcoSuessgott/kubectl-vault-login/pkg/vault/vault.go:89.48,90.24 1 0
github.com/FalcoSuessgott/kubectl-vault-login/pkg/vault/vault.go:90.24,92.3 1 0
github.com/FalcoSuessgott/kubectl-vault-login/pkg/vault/vault.go:95.52,96.24 1 0
github.com/FalcoSuessgott/kubectl-vault-login/pkg/vault/vault.go:96.24,98.3 1 0
github.com/FalcoSuessgott/kubectl-vault-login/pkg/vault/vault.go:101.54,102.24 1 0
github.com/FalcoSuessgott/kubectl-vault-login/pkg/vault/vault.go:102.24,104.3 1 0
github.com/FalcoSuessgott/kubectl-vault-login/pkg/vault/vault.go:107.46,108.24 1 0
github.com/FalcoSuessgott/kubectl-vault-login/pkg/vault/vault.go:108.24,110.3 1 0
github.com/FalcoSuessgott/kubectl-vault-login/pkg/vault/vault.go:113.39,114.24 1 0
github.com/FalcoSuessgott/kubectl-vault-login/pkg/vault/vault.go:114.24,116.3 1 0
github.com/FalcoSuessgott/kubectl-vault-login/main.go:12.13,15.38 2 0
github.com/FalcoSuessgott/kubectl-vault-login/main.go:15.38,19.3 2 0
github.com/FalcoSuessgott/kubectl-vault-login/pkg/jwt/jwt.go:11.51,13.16 2 0
github.com/FalcoSuessgott/kubectl-vault-login/pkg/jwt/jwt.go:13.16,15.3 1 0
github.com/FalcoSuessgott/kubectl-vault-login/pkg/jwt/jwt.go:18.2,18.48 1 0
github.com/FalcoSuessgott/kubectl-vault-login/pkg/jwt/jwt.go:18.48,19.45 1 0
github.com/FalcoSuessgott/kubectl-vault-login/pkg/jwt/jwt.go:19.45,21.4 1 0
github.com/FalcoSuessgott/kubectl-vault-login/pkg/jwt/jwt.go:23.3,23.67 1 0
github.com/FalcoSuessgott/kubectl-vault-login/pkg/jwt/jwt.go:26.2,26.56 1 0
github.com/FalcoSuessgott/kubectl-vault-login/pkg/exec_credential/exec_credential.go:11.72,24.2 2 0
